[debug] [2018-09-12T10:35:34.721Z] ----------------------------------------------------------------------
[debug] [2018-09-12T10:35:34.725Z] Command:       /Users/smart/.nvm/versions/node/v8.11.2/bin/node /Users/smart/.nvm/versions/node/v8.11.2/bin/firebase deploy --only functions
[debug] [2018-09-12T10:35:34.725Z] CLI Version:   4.2.1
[debug] [2018-09-12T10:35:34.726Z] Platform:      darwin
[debug] [2018-09-12T10:35:34.726Z] Node Version:  v8.11.2
[debug] [2018-09-12T10:35:34.726Z] Time:          Wed Sep 12 2018 11:35:34 GMT+0100 (WEST)
[debug] [2018-09-12T10:35:34.726Z] ----------------------------------------------------------------------
[debug] 
[debug] [2018-09-12T10:35:34.778Z] > command requires scopes: ["email","openid","https://www.googleapis.com/auth/cloudplatformprojects.readonly","https://www.googleapis.com/auth/firebase","https://www.googleapis.com/auth/cloud-platform"]
[debug] [2018-09-12T10:35:34.778Z] > authorizing via signed-in user
[debug] [2018-09-12T10:35:34.780Z] > refreshing access token with scopes: ["email","https://www.googleapis.com/auth/cloud-platform","https://www.googleapis.com/auth/cloudplatformprojects.readonly","https://www.googleapis.com/auth/firebase","openid"]
[debug] [2018-09-12T10:35:34.781Z] >>> HTTP REQUEST POST https://www.googleapis.com/oauth2/v3/token  

[debug] [2018-09-12T10:35:35.594Z] <<< HTTP RESPONSE 200
[debug] [2018-09-12T10:35:35.598Z] >>> HTTP REQUEST GET https://admin.firebase.com/v1/projects/test-d7b4a  
 
[debug] [2018-09-12T10:35:36.693Z] <<< HTTP RESPONSE 200
[info] 
[info] === Deploying to 'test-d7b4a'...
[info] 
[info] i  deploying functions
[debug] [2018-09-12T10:35:39.898Z] > [functions] package.json contents: {
  "name": "functions",
  "description": "Cloud Functions for Firebase",
  "scripts": {
    "serve": "firebase serve --only functions",
    "shell": "firebase functions:shell",
    "start": "npm run shell",
    "deploy": "firebase deploy --only functions",
    "logs": "firebase functions:log"
  },
  "dependencies": {
    "firebase-admin": "~6.0.0",
    "firebase-functions": "^2.0.5",
    "mailgun-js": "^0.20.0"
  },
  "private": true
}
[info] i  functions: ensuring necessary APIs are enabled...
[debug] [2018-09-12T10:35:39.899Z] >>> HTTP REQUEST GET https://servicemanagement.googleapis.com/v1/services/cloudfunctions.googleapis.com/projectSettings/test-d7b4a?view=CONSUMER_VIEW  
 
[debug] [2018-09-12T10:35:39.900Z] >>> HTTP REQUEST GET https://servicemanagement.googleapis.com/v1/services/runtimeconfig.googleapis.com/projectSettings/test-d7b4a?view=CONSUMER_VIEW  
 
[debug] [2018-09-12T10:35:41.753Z] <<< HTTP RESPONSE 200
[debug] [2018-09-12T10:35:41.875Z] <<< HTTP RESPONSE 200
[info] ✔  functions: all necessary APIs are enabled
[debug] [2018-09-12T10:35:41.876Z] >>> HTTP REQUEST GET https://cloudresourcemanager.googleapis.com/v1/projects/test-d7b4a  
 
[debug] [2018-09-12T10:35:43.137Z] <<< HTTP RESPONSE 200
[debug] [2018-09-12T10:35:43.138Z] >>> HTTP REQUEST GET https://mobilesdk-pa.googleapis.com/v1/projects/79073754666:getServerAppConfig  
 
[debug] [2018-09-12T10:35:43.828Z] <<< HTTP RESPONSE 200
[info] i  functions: preparing functions directory for uploading...
[debug] [2018-09-12T10:35:43.829Z] >>> HTTP REQUEST GET https://runtimeconfig.googleapis.com/v1beta1/projects/test-d7b4a/configs  
 
[debug] [2018-09-12T10:35:44.579Z] <<< HTTP RESPONSE 200
[info] i  functions: packaged functions (45.14 KB) for uploading
[debug] [2018-09-12T10:35:45.073Z] >>> HTTP REQUEST POST https://cloudfunctions.googleapis.com/v1/projects/test-d7b4a/locations/us-central1/functions:generateUploadUrl  
 
[debug] [2018-09-12T10:35:45.870Z] <<< HTTP RESPONSE 200
[debug] [2018-09-12T10:35:45.871Z] >>> HTTP REQUEST PUT https://storage.googleapis.com/gcf-upload-us-central1-0c8a5d34-d51d-4b76-913a-194802c07fa0/28a89c00-5a13-4342-a2d7-348f00b6b557.zip?GoogleAccessId=service-79073754666@gcf-admin-robot.iam.gserviceaccount.com&Expires=1536750345&Signature=hHl7b7Z2zyYf7vtoxYFyTi3aGkKcotgTc8fFCl9xEp3QxVpdHyeW9PmtQHlHseEquipuZDmeYOrvpuTJremPZYuF85BUHXF5bdZQgNNmegbsSYoyQuQTvLcVPvGFgm6qTSQ7M2Jqp2ifemECaqyrDfpK0%2Bgu%2BXN0mZxLCRA5N%2Fkc0sxiDpVbZdEhATuf57L5U52sUT%2BXYwAGXyl4Wd%2BFuGrqhLOH8aVbXEuxySu3qWaPihvERoFxGLs6MnerwW1bFIwWPXUSRTccQDhYk1zIMIll3c2utg7ujbsfvUfzAWwifmNGKda5UQL%2BNXhZr9Ic5JANVbzybAGrfMsbBffGbQ%3D%3D  

[debug] [2018-09-12T10:35:47.147Z] <<< HTTP RESPONSE 200
[info] ✔  functions: functions folder uploaded successfully
[debug] [2018-09-12T10:35:47.148Z] >>> HTTP REQUEST GET https://cloudfunctions.googleapis.com/v1/projects/test-d7b4a/locations/-/functions  
 
[debug] [2018-09-12T10:35:48.185Z] <<< HTTP RESPONSE 200
[info] i  functions: updating Node.js 6 function detectHistory(us-central1)...
[debug] [2018-09-12T10:35:48.187Z] Trigger is:  {"eventTrigger":{"resource":"projects/_/instances/test-d7b4a/refs/histories/{userId}","eventType":"providers/google.firebase.database/eventTypes/ref.write","service":"firebaseio.com"}}
[debug] [2018-09-12T10:35:48.188Z] >>> HTTP REQUEST PATCH https://cloudfunctions.googleapis.com/v1/projects/test-d7b4a/locations/us-central1/functions/detectHistory 
query params: {"updateMask":"sourceUploadUrl,name,labels,eventTrigger.resource,eventTrigger.eventType,eventTrigger.service"} 

[debug] [2018-09-12T10:35:49.182Z] <<< HTTP RESPONSE 200
[debug] [2018-09-12T10:35:49.184Z] >>> HTTP REQUEST GET https://cloudfunctions.googleapis.com/v1/operations/dGVzdC1kN2I0YS91cy1jZW50cmFsMS9kZXRlY3RIaXN0b3J5Ly0xZVVPM3hwR053  
 
[debug] [2018-09-12T10:35:49.883Z] <<< HTTP RESPONSE 200
[debug] [2018-09-12T10:35:51.889Z] >>> HTTP REQUEST GET https://cloudfunctions.googleapis.com/v1/operations/dGVzdC1kN2I0YS91cy1jZW50cmFsMS9kZXRlY3RIaXN0b3J5Ly0xZVVPM3hwR053  
 
[debug] [2018-09-12T10:35:52.586Z] <<< HTTP RESPONSE 200
[debug] [2018-09-12T10:35:54.592Z] >>> HTTP REQUEST GET https://cloudfunctions.googleapis.com/v1/operations/dGVzdC1kN2I0YS91cy1jZW50cmFsMS9kZXRlY3RIaXN0b3J5Ly0xZVVPM3hwR053  
 
[debug] [2018-09-12T10:35:55.287Z] <<< HTTP RESPONSE 200
[debug] [2018-09-12T10:35:57.289Z] >>> HTTP REQUEST GET https://cloudfunctions.googleapis.com/v1/operations/dGVzdC1kN2I0YS91cy1jZW50cmFsMS9kZXRlY3RIaXN0b3J5Ly0xZVVPM3hwR053  
 
[debug] [2018-09-12T10:35:57.869Z] <<< HTTP RESPONSE 200
[debug] [2018-09-12T10:35:59.871Z] >>> HTTP REQUEST GET https://cloudfunctions.googleapis.com/v1/operations/dGVzdC1kN2I0YS91cy1jZW50cmFsMS9kZXRlY3RIaXN0b3J5Ly0xZVVPM3hwR053  
 
[debug] [2018-09-12T10:36:00.603Z] <<< HTTP RESPONSE 200
